

*******************************************************************************
Thu Mar 16 15:53:03 2023


FIT:    data read from 'spline_values_sine.data' using ($1):($3)
        format = x:z
        #datapoints = 255
        residuals are weighted equally (unit weight)

function used for fitting: f(x)
	f(x) = a*cos(x)
fitted parameters initialized with current variable values

   3 1.0213209865e+02  -1.04e-08  7.50e-04   -7.821672e-01

After 3 iterations the fit converged.
final sum of squares of residuals : 102.132
rel. change during last iteration : -1.04496e-13

degrees of freedom    (FIT_NDF)                        : 254
rms of residuals      (FIT_STDFIT) = sqrt(WSSR/ndf)    : 0.63411
variance of residuals (reduced chisquare) = WSSR/ndf   : 0.402095

Final set of parameters            Asymptotic Standard Error
=======================            ==========================
a               = -0.782167        +/- 0.05295      (6.77%)


*******************************************************************************
Thu Mar 16 15:55:59 2023


FIT:    data read from 'spline_values_sine.data' using ($1):($3)
        format = x:z
        #datapoints = 255
        residuals are weighted equally (unit weight)

function used for fitting: f(x)
	f(x) = a*cos(x)
fitted parameters initialized with current variable values

   3 1.0213209865e+02  -1.04e-08  7.50e-04   -7.821672e-01

After 3 iterations the fit converged.
final sum of squares of residuals : 102.132
rel. change during last iteration : -1.04496e-13

degrees of freedom    (FIT_NDF)                        : 254
rms of residuals      (FIT_STDFIT) = sqrt(WSSR/ndf)    : 0.63411
variance of residuals (reduced chisquare) = WSSR/ndf   : 0.402095

Final set of parameters            Asymptotic Standard Error
=======================            ==========================
a               = -0.782167        +/- 0.05295      (6.77%)


*******************************************************************************
Thu Mar 16 15:58:05 2023


FIT:    data read from 'spline_values_sine.data' using ($1):($3)
        format = x:z
        #datapoints = 255
        residuals are weighted equally (unit weight)

function used for fitting: f(x)
	f(x) = a*cos(x)
fitted parameters initialized with current variable values

   3 1.0213209865e+02  -1.04e-08  7.50e-04   -7.821672e-01

After 3 iterations the fit converged.
final sum of squares of residuals : 102.132
rel. change during last iteration : -1.04496e-13

degrees of freedom    (FIT_NDF)                        : 254
rms of residuals      (FIT_STDFIT) = sqrt(WSSR/ndf)    : 0.63411
variance of residuals (reduced chisquare) = WSSR/ndf   : 0.402095

Final set of parameters            Asymptotic Standard Error
=======================            ==========================
a               = -0.782167        +/- 0.05295      (6.77%)


*******************************************************************************
Thu Mar 16 16:00:29 2023


FIT:    data read from 'spline_values_sine.data' using ($1):($3)
        format = x:z
        #datapoints = 255
        residuals are weighted equally (unit weight)

function used for fitting: f(x)
	f(x) = a*cos(x)
fitted parameters initialized with current variable values

   3 1.0213209865e+02  -1.04e-08  7.50e-04   -7.821672e-01

After 3 iterations the fit converged.
final sum of squares of residuals : 102.132
rel. change during last iteration : -1.04496e-13

degrees of freedom    (FIT_NDF)                        : 254
rms of residuals      (FIT_STDFIT) = sqrt(WSSR/ndf)    : 0.63411
variance of residuals (reduced chisquare) = WSSR/ndf   : 0.402095

Final set of parameters            Asymptotic Standard Error
=======================            ==========================
a               = -0.782167        +/- 0.05295      (6.77%)


*******************************************************************************
Thu Mar 16 16:07:59 2023


FIT:    data read from 'spline_values_sine.data' using ($1):($3)
        format = x:z
        #datapoints = 255
        residuals are weighted equally (unit weight)

function used for fitting: f(x)
	f(x) = a*cos(x)
fitted parameters initialized with current variable values

   2 3.4157290669e+03  -2.33e-01  7.50e-03   -9.059874e-01

After 2 iterations the fit converged.
final sum of squares of residuals : 3415.73
rel. change during last iteration : -2.32699e-06

degrees of freedom    (FIT_NDF)                        : 254
rms of residuals      (FIT_STDFIT) = sqrt(WSSR/ndf)    : 3.66712
variance of residuals (reduced chisquare) = WSSR/ndf   : 13.4478

Final set of parameters            Asymptotic Standard Error
=======================            ==========================
a               = -0.905987        +/- 0.3062       (33.8%)


*******************************************************************************
Thu Mar 16 16:15:56 2023


FIT:    data read from 'spline_values_sine.data' using ($1):($3)
        format = x:z
        #datapoints = 255
        residuals are weighted equally (unit weight)

function used for fitting: f(x)
	f(x) = a*cos(x)
fitted parameters initialized with current variable values

   3 1.0213209865e+02  -1.04e-08  7.50e-04   -7.821672e-01

After 3 iterations the fit converged.
final sum of squares of residuals : 102.132
rel. change during last iteration : -1.04496e-13

degrees of freedom    (FIT_NDF)                        : 254
rms of residuals      (FIT_STDFIT) = sqrt(WSSR/ndf)    : 0.63411
variance of residuals (reduced chisquare) = WSSR/ndf   : 0.402095

Final set of parameters            Asymptotic Standard Error
=======================            ==========================
a               = -0.782167        +/- 0.05295      (6.77%)


*******************************************************************************
Thu Mar 16 16:19:02 2023


FIT:    data read from 'spline_values_sine.data' using ($1):($3)
        format = x:z
        #datapoints = 31
        residuals are weighted equally (unit weight)

function used for fitting: f(x)
	f(x) = a*cos(x)
fitted parameters initialized with current variable values

   3 1.2419260656e+01  -4.60e-05  7.50e-04   -7.962785e-01

After 3 iterations the fit converged.
final sum of squares of residuals : 12.4193
rel. change during last iteration : -4.60345e-10

degrees of freedom    (FIT_NDF)                        : 30
rms of residuals      (FIT_STDFIT) = sqrt(WSSR/ndf)    : 0.643409
variance of residuals (reduced chisquare) = WSSR/ndf   : 0.413975

Final set of parameters            Asymptotic Standard Error
=======================            ==========================
a               = -0.796279        +/- 0.154        (19.34%)


*******************************************************************************
Thu Mar 16 16:25:29 2023


FIT:    data read from 'spline_values_sine.data' using ($1):($3)
        format = x:z
        #datapoints = 11
        residuals are weighted equally (unit weight)

function used for fitting: f(x)
	f(x) = a*cos(x)
fitted parameters initialized with current variable values

   5 3.5668222570e-29   0.00e+00  7.52e-01   -9.948168e-01

After 5 iterations the fit converged.
final sum of squares of residuals : 3.56682e-29
rel. change during last iteration : 0

degrees of freedom    (FIT_NDF)                        : 10
rms of residuals      (FIT_STDFIT) = sqrt(WSSR/ndf)    : 1.8886e-15
variance of residuals (reduced chisquare) = WSSR/ndf   : 3.56682e-30

Final set of parameters            Asymptotic Standard Error
=======================            ==========================
a               = -0.994817        +/- 7.577e-16    (7.616e-14%)


*******************************************************************************
Thu Mar 16 16:29:47 2023


FIT:    data read from 'spline_values_sine.data' using ($1):($3)
        format = x:z
        #datapoints = 11
        residuals are weighted equally (unit weight)

function used for fitting: f(x)
	f(x) = a*cos(x)
fitted parameters initialized with current variable values

   3 2.1753393382e-02  -5.54e-01  7.52e-04   -8.407571e-01

After 3 iterations the fit converged.
final sum of squares of residuals : 0.0217534
rel. change during last iteration : -5.54404e-06

degrees of freedom    (FIT_NDF)                        : 10
rms of residuals      (FIT_STDFIT) = sqrt(WSSR/ndf)    : 0.0466405
variance of residuals (reduced chisquare) = WSSR/ndf   : 0.00217534

Final set of parameters            Asymptotic Standard Error
=======================            ==========================
a               = -0.840757        +/- 0.01871      (2.226%)


*******************************************************************************
Thu Mar 16 16:33:25 2023


FIT:    data read from 'spline_values_sine.data' using ($1):($3)
        format = x:z
        #datapoints = 36
        residuals are weighted equally (unit weight)

function used for fitting: f(x)
	f(x) = a*cos(x)
fitted parameters initialized with current variable values

   5 3.5834334028e-30   0.00e+00  7.22e-06   -9.948168e-01

After 5 iterations the fit converged.
final sum of squares of residuals : 3.58343e-30
rel. change during last iteration : 0

degrees of freedom    (FIT_NDF)                        : 35
rms of residuals      (FIT_STDFIT) = sqrt(WSSR/ndf)    : 3.19975e-16
variance of residuals (reduced chisquare) = WSSR/ndf   : 1.02384e-31

Final set of parameters            Asymptotic Standard Error
=======================            ==========================
a               = -0.994817        +/- 7.388e-17    (7.426e-15%)


*******************************************************************************
Thu Mar 16 16:34:21 2023


FIT:    data read from 'spline_values_sine.data' using ($1):($3)
        format = x:z
        #datapoints = 36
        residuals are weighted equally (unit weight)

function used for fitting: f(x)
	f(x) = a*cos(x)
fitted parameters initialized with current variable values

   5 3.5834334028e-30   0.00e+00  7.22e-06   -9.948168e-01

After 5 iterations the fit converged.
final sum of squares of residuals : 3.58343e-30
rel. change during last iteration : 0

degrees of freedom    (FIT_NDF)                        : 35
rms of residuals      (FIT_STDFIT) = sqrt(WSSR/ndf)    : 3.19975e-16
variance of residuals (reduced chisquare) = WSSR/ndf   : 1.02384e-31

Final set of parameters            Asymptotic Standard Error
=======================            ==========================
a               = -0.994817        +/- 7.388e-17    (7.426e-15%)


*******************************************************************************
Thu Mar 16 17:32:01 2023


FIT:    data read from 'spline_values_sine.data' using ($1):($3)
        format = x:z
        #datapoints = 36
        residuals are weighted equally (unit weight)

function used for fitting: f(x)
	f(x) = a*cos(x)
fitted parameters initialized with current variable values

   5 3.5834334028e-30   0.00e+00  7.22e-06   -9.948168e-01

After 5 iterations the fit converged.
final sum of squares of residuals : 3.58343e-30
rel. change during last iteration : 0

degrees of freedom    (FIT_NDF)                        : 35
rms of residuals      (FIT_STDFIT) = sqrt(WSSR/ndf)    : 3.19975e-16
variance of residuals (reduced chisquare) = WSSR/ndf   : 1.02384e-31

Final set of parameters            Asymptotic Standard Error
=======================            ==========================
a               = -0.994817        +/- 7.388e-17    (7.426e-15%)


*******************************************************************************
Thu Mar 16 19:02:32 2023


FIT:    data read from 'spline_values_sine.data' using ($1):($3)
        format = x:z
        #datapoints = 36
        residuals are weighted equally (unit weight)

function used for fitting: f(x)
	f(x) = a*cos(x)
fitted parameters initialized with current variable values

   5 3.5834334028e-30   0.00e+00  7.22e-06   -9.948168e-01

After 5 iterations the fit converged.
final sum of squares of residuals : 3.58343e-30
rel. change during last iteration : 0

degrees of freedom    (FIT_NDF)                        : 35
rms of residuals      (FIT_STDFIT) = sqrt(WSSR/ndf)    : 3.19975e-16
variance of residuals (reduced chisquare) = WSSR/ndf   : 1.02384e-31

Final set of parameters            Asymptotic Standard Error
=======================            ==========================
a               = -0.994817        +/- 7.388e-17    (7.426e-15%)


*******************************************************************************
Thu Mar 16 19:15:33 2023


FIT:    data read from 'spline_values_sine.data' using ($1):($3)
        format = x:z
        #datapoints = 36
        residuals are weighted equally (unit weight)

function used for fitting: f(x)
	f(x) = a*cos(x)
fitted parameters initialized with current variable values

   5 3.5834334028e-30   0.00e+00  7.22e-06   -9.948168e-01

After 5 iterations the fit converged.
final sum of squares of residuals : 3.58343e-30
rel. change during last iteration : 0

degrees of freedom    (FIT_NDF)                        : 35
rms of residuals      (FIT_STDFIT) = sqrt(WSSR/ndf)    : 3.19975e-16
variance of residuals (reduced chisquare) = WSSR/ndf   : 1.02384e-31

Final set of parameters            Asymptotic Standard Error
=======================            ==========================
a               = -0.994817        +/- 7.388e-17    (7.426e-15%)


*******************************************************************************
Thu Mar 16 19:15:59 2023


FIT:    data read from 'spline_values_sine.data' using ($1):($3)
        format = x:z
        #datapoints = 36
        residuals are weighted equally (unit weight)

function used for fitting: f(x)
	f(x) = a*cos(x)
fitted parameters initialized with current variable values

   5 3.5834334028e-30   0.00e+00  7.22e-06   -9.948168e-01

After 5 iterations the fit converged.
final sum of squares of residuals : 3.58343e-30
rel. change during last iteration : 0

degrees of freedom    (FIT_NDF)                        : 35
rms of residuals      (FIT_STDFIT) = sqrt(WSSR/ndf)    : 3.19975e-16
variance of residuals (reduced chisquare) = WSSR/ndf   : 1.02384e-31

Final set of parameters            Asymptotic Standard Error
=======================            ==========================
a               = -0.994817        +/- 7.388e-17    (7.426e-15%)


*******************************************************************************
Thu Mar 16 19:19:07 2023


FIT:    data read from 'spline_values_sine.data' using ($1):($3)
        format = x:z
        #datapoints = 36
        residuals are weighted equally (unit weight)

function used for fitting: f(x)
	f(x) = a*cos(x)
fitted parameters initialized with current variable values

   5 3.5834334028e-30   0.00e+00  7.22e-06   -9.948168e-01

After 5 iterations the fit converged.
final sum of squares of residuals : 3.58343e-30
rel. change during last iteration : 0

degrees of freedom    (FIT_NDF)                        : 35
rms of residuals      (FIT_STDFIT) = sqrt(WSSR/ndf)    : 3.19975e-16
variance of residuals (reduced chisquare) = WSSR/ndf   : 1.02384e-31

Final set of parameters            Asymptotic Standard Error
=======================            ==========================
a               = -0.994817        +/- 7.388e-17    (7.426e-15%)


*******************************************************************************
Thu Mar 16 19:20:11 2023


FIT:    data read from 'spline_values_sine.data' using ($1):($3)
        format = x:z
        #datapoints = 36
        residuals are weighted equally (unit weight)

function used for fitting: f(x)
	f(x) = a*cos(x)
fitted parameters initialized with current variable values

   5 3.5834334028e-30   0.00e+00  7.22e-06   -9.948168e-01

After 5 iterations the fit converged.
final sum of squares of residuals : 3.58343e-30
rel. change during last iteration : 0

degrees of freedom    (FIT_NDF)                        : 35
rms of residuals      (FIT_STDFIT) = sqrt(WSSR/ndf)    : 3.19975e-16
variance of residuals (reduced chisquare) = WSSR/ndf   : 1.02384e-31

Final set of parameters            Asymptotic Standard Error
=======================            ==========================
a               = -0.994817        +/- 7.388e-17    (7.426e-15%)


*******************************************************************************
Thu Mar 16 19:20:29 2023


FIT:    data read from 'spline_values_sine.data' using ($1):($3)
        format = x:z
        #datapoints = 36
        residuals are weighted equally (unit weight)

function used for fitting: f(x)
	f(x) = a*cos(x)
fitted parameters initialized with current variable values

   5 3.5834334028e-30   0.00e+00  7.22e-06   -9.948168e-01

After 5 iterations the fit converged.
final sum of squares of residuals : 3.58343e-30
rel. change during last iteration : 0

degrees of freedom    (FIT_NDF)                        : 35
rms of residuals      (FIT_STDFIT) = sqrt(WSSR/ndf)    : 3.19975e-16
variance of residuals (reduced chisquare) = WSSR/ndf   : 1.02384e-31

Final set of parameters            Asymptotic Standard Error
=======================            ==========================
a               = -0.994817        +/- 7.388e-17    (7.426e-15%)
